<?xml version="1.0" encoding="UTF-8"?>
<robot generator="Robot 7.1 (Python 3.12.0 on darwin)" generated="2024-10-02T11:27:53.361974" rpa="false" schemaversion="5">
<suite id="s1" name="Sampola.fi" source="/Users/Andy_1/Library/CloudStorage/OneDrive-Hämeenammattikorkeakoulu/HAMK/2nd-Year/Customer-Project/Software-Testing/Software-Testing/Websites-testing/Sampola.fi.robot">
<test id="s1-t1" name="1. Check All Product Categories Have Landing Page" line="38">
<kw name="Open website">
<kw name="Open Browser" owner="SeleniumLibrary">
<msg time="2024-10-02T11:27:53.538047" level="INFO">Opening browser 'Chrome' to base url 'https://shell.hamk.fi/~SampolaP1/wp/'.</msg>
<arg>${URL}</arg>
<arg>${BROWSER}</arg>
<arg>options=add_argument("--disable-search-engine-choice-screen");add_experimental_option("detach", True)</arg>
<doc>Opens a new browser instance to the optional ``url``.</doc>
<status status="PASS" start="2024-10-02T11:27:53.537678" elapsed="3.950722"/>
</kw>
<kw name="Maximize Browser Window" owner="SeleniumLibrary">
<doc>Maximizes current browser window.</doc>
<status status="PASS" start="2024-10-02T11:27:57.490007" elapsed="0.338689"/>
</kw>
<kw name="Sleep" owner="BuiltIn">
<msg time="2024-10-02T11:27:59.830429" level="INFO">Slept 2 seconds.</msg>
<arg>2s</arg>
<doc>Pauses the test executed for the given time.</doc>
<status status="PASS" start="2024-10-02T11:27:57.829008" elapsed="2.002194"/>
</kw>
<status status="PASS" start="2024-10-02T11:27:53.536920" elapsed="6.294552"/>
</kw>
<kw name="Get WebElements" owner="SeleniumLibrary">
<msg time="2024-10-02T11:27:59.844902" level="INFO">@{categories} = [ ]</msg>
<var>@{categories}</var>
<arg>xpath=/html/body/div[2]/header/div[1]/div/div/div/div/div[2]/div/div/div/nav</arg>
<doc>Returns a list of WebElement objects matching the ``locator``.</doc>
<status status="PASS" start="2024-10-02T11:27:59.831868" elapsed="0.013381"/>
</kw>
<kw name="Get Length" owner="BuiltIn">
<msg time="2024-10-02T11:27:59.846747" level="INFO">Length is 0.</msg>
<msg time="2024-10-02T11:27:59.846971" level="INFO">${length} = 0</msg>
<var>${length}</var>
<arg>${categories}</arg>
<doc>Returns and logs the length of the given item as an integer.</doc>
<status status="PASS" start="2024-10-02T11:27:59.846199" elapsed="0.000881"/>
</kw>
<for flavor="IN RANGE">
<iter>
<kw name="Get WebElement" owner="SeleniumLibrary">
<var>${a}</var>
<arg>xpath=//*[@id="ast-hf-menu-1"]/nav/ul/li[${i}]/a</arg>
<doc>Returns the first WebElement matching the given ``locator``.</doc>
<status status="NOT RUN" start="2024-10-02T11:27:59.848118" elapsed="0.000122"/>
</kw>
<kw name="Get Text" owner="SeleniumLibrary">
<var>${nav_text}</var>
<arg>${a}</arg>
<doc>Returns the text value of the element identified by ``locator``.</doc>
<status status="NOT RUN" start="2024-10-02T11:27:59.848429" elapsed="0.000103"/>
</kw>
<kw name="Convert To Lower Case" owner="String">
<var>${nav_text}</var>
<arg>${nav_text}</arg>
<doc>Converts string to lower case.</doc>
<status status="NOT RUN" start="2024-10-02T11:27:59.848684" elapsed="0.000107"/>
</kw>
<kw name="Click Element" owner="SeleniumLibrary">
<arg>${a}</arg>
<doc>Click the element identified by ``locator``.</doc>
<status status="NOT RUN" start="2024-10-02T11:27:59.849356" elapsed="0.000262"/>
</kw>
<kw name="Run Keyword And Continue On Failure" owner="BuiltIn">
<arg>Page Should Contain</arg>
<arg>${nav_text}</arg>
<doc>Runs the keyword and continues execution even if a failure occurs.</doc>
<status status="NOT RUN" start="2024-10-02T11:27:59.849945" elapsed="0.000168"/>
</kw>
<kw name="Sleep" owner="BuiltIn">
<arg>2s</arg>
<doc>Pauses the test executed for the given time.</doc>
<status status="NOT RUN" start="2024-10-02T11:27:59.850286" elapsed="0.000095"/>
</kw>
<var name="${i}"/>
<status status="NOT RUN" start="2024-10-02T11:27:59.847830" elapsed="0.002644"/>
</iter>
<var>${i}</var>
<value>1</value>
<value>${length}+1</value>
<status status="NOT RUN" start="2024-10-02T11:27:59.847390" elapsed="0.003196"/>
</for>
<kw name="Sleep" owner="BuiltIn">
<msg time="2024-10-02T11:28:00.852102" level="INFO">Slept 1 second.</msg>
<arg>1s</arg>
<doc>Pauses the test executed for the given time.</doc>
<status status="PASS" start="2024-10-02T11:27:59.850959" elapsed="1.002137"/>
</kw>
<status status="PASS" start="2024-10-02T11:27:53.536160" elapsed="7.318330"/>
</test>
<status status="PASS" start="2024-10-02T11:27:53.365984" elapsed="7.491211"/>
</suite>
<statistics>
<total>
<stat pass="1" fail="0" skip="0">All Tests</stat>
</total>
<tag>
</tag>
<suite>
<stat pass="1" fail="0" skip="0" id="s1" name="Sampola.fi">Sampola.fi</stat>
</suite>
</statistics>
<errors>
</errors>
</robot>
